<?xml version="1.0" encoding="UTF-8"?>
<!-- Generated by org.testng.reporters.JUnitXMLReporter -->
<testsuite ignored="0" hostname="DESKTOP-86NIJQL" failures="0" tests="2" name="Hash Map Data Provider test" time="45.674" errors="0" timestamp="2024-05-04T17:43:20 IST">
  <testcase classname="testCases.Tests.HashMapSetDataProvider" name="VerifyAllDataSets" time="8.998"/>
  <testcase classname="testCases.Tests.HashMapSetDataProvider" name="VerifyAllDataSets" time="8.686"/>
</testsuite> <!-- Hash Map Data Provider test -->
