<?xml version="1.0" encoding="UTF-8"?>
<!-- Generated by org.testng.reporters.JUnitXMLReporter -->
<testsuite ignored="0" hostname="DESKTOP-86NIJQL" failures="1" tests="3" name="Error Validation test" time="40.74" errors="0" timestamp="2024-05-04T18:20:54 IST">
  <testcase classname="testCases.Tests.ErrorValidations" name="getErrorMessageOfBlankPassword" time="0.46"/>
  <testcase classname="testCases.Tests.ErrorValidations" name="getErrorMessageOfLogin" time="0.894">
    <skipped/>
  </testcase> <!-- getErrorMessageOfLogin -->
  <testcase classname="testCases.Tests.ErrorValidations" name="getErrorMessageOfLogin" time="0.789">
    <failure type="java.lang.AssertionError" message="expected [Incorrect email or password.] but found [Incorrect email  password.]">
      <![CDATA[java.lang.AssertionError: expected [Incorrect email or password.] but found [Incorrect email  password.]
at testCases.Tests.ErrorValidations.getErrorMessageOfLogin(ErrorValidations.java:20)
at java.base/java.util.ArrayList.forEach(ArrayList.java:1597)
at java.base/java.util.concurrent.FutureTask.run(FutureTask.java:317)
at java.base/java.util.concurrent.ThreadPoolExecutor.runWorker(ThreadPoolExecutor.java:1144)
at java.base/java.util.concurrent.ThreadPoolExecutor$Worker.run(ThreadPoolExecutor.java:642)
at java.base/java.lang.Thread.run(Thread.java:1570)
... Removed 21 stack frames]]>
    </failure>
  </testcase> <!-- getErrorMessageOfLogin -->
</testsuite> <!-- Error Validation test -->
